{"uid":"fc088208c3fe61b0","name":"test_login_with_valid_credentials","fullName":"tests. step_definitions.test_login_steps#test_login_with_valid_credentials","historyId":"6b0145907ebdacc00cec914513d4e72d","time":{"start":1763791271666,"stop":1763791275606,"duration":3940},"description":"C:\\Users\\chinn\\OneDrive\\Desktop\\python_playwright_framework\\tests\\features\\login.feature: Login with valid credentials","descriptionHtml":"<p>C:\\Users\\chinn\\OneDrive\\Desktop\\python_playwright_framework\\tests\\features\\login.feature: Login with valid credentials</p>\n","status":"failed","statusMessage":"AssertionError: assert False\n +  where False = <method-wrapper '__contains__' of str object at 0x0000023660A0F270>('https://rahulshettyacademy.com/loginpage/')\n +    where <method-wrapper '__contains__' of str object at 0x0000023660A0F270> = 'https://rahulshettyacademy.com/loginpagePractise/'.__contains__\n +      where 'https://rahulshettyacademy.com/loginpagePractise/' = <Page url='https://rahulshettyacademy.com/loginpagePractise/'>.url","statusTrace":"fixturefunc = <function verify_home_page at 0x00000236606B3C10>, request = <FixtureRequest for <Function test_login_with_valid_credentials>>\nkwargs = {'page': <Page url='https://rahulshettyacademy.com/loginpagePractise/'>}\n\n    def call_fixture_func(\n        fixturefunc: _FixtureFunc[FixtureValue], request: FixtureRequest, kwargs\n    ) -> FixtureValue:\n        if inspect.isgeneratorfunction(fixturefunc):\n            fixturefunc = cast(Callable[..., Generator[FixtureValue]], fixturefunc)\n            generator = fixturefunc(**kwargs)\n            try:\n                fixture_result = next(generator)\n            except StopIteration:\n                raise ValueError(f\"{request.fixturename} did not yield a value\") from None\n            finalizer = functools.partial(_teardown_yield_fixture, fixturefunc, generator)\n            request.addfinalizer(finalizer)\n        else:\n            fixturefunc = cast(Callable[..., FixtureValue], fixturefunc)\n>           fixture_result = fixturefunc(**kwargs)\n                             ^^^^^^^^^^^^^^^^^^^^^\n\n..\\..\\..\\AppData\\Local\\Programs\\Python\\Python314\\Lib\\site-packages\\_pytest\\fixtures.py:930: \n_ _ _ _ _ _ _ _ _ _ _ _ _ _ _ _ _ _ _ _ _ _ _ _ _ _ _ _ _ _ _ _ _ _ _ _ _ _ _ _ _ _ _ _ _ _ _ _ _ _ _ _ _ _ _ _ _ _ _ _ _ _ _ _ _ _ _ _ _ _ _ _ _ _ _ _ _ _ _ _ _ _ _ _ _ _ _ _ _ _\n\npage = <Page url='https://rahulshettyacademy.com/loginpagePractise/'>\n\n    @then(\"I should see the home page\")\n    def verify_home_page(page):\n>       assert page.url.__contains__(\"https://rahulshettyacademy.com/loginpage/\")\nE       AssertionError: assert False\nE        +  where False = <method-wrapper '__contains__' of str object at 0x0000023660A0F270>('https://rahulshettyacademy.com/loginpage/')\nE        +    where <method-wrapper '__contains__' of str object at 0x0000023660A0F270> = 'https://rahulshettyacademy.com/loginpagePractise/'.__contains__\nE        +      where 'https://rahulshettyacademy.com/loginpagePractise/' = <Page url='https://rahulshettyacademy.com/loginpagePractise/'>.url\n\ntests\\ step_definitions\\test_login_steps.py:28: AssertionError","flaky":false,"newFailed":false,"newBroken":false,"newPassed":false,"retriesCount":0,"retriesStatusChange":false,"beforeStages":[{"name":"pytestconfig","time":{"start":1763791271665,"stop":1763791271665,"duration":0},"status":"passed","steps":[],"attachments":[],"parameters":[],"shouldDisplayMessage":false,"attachmentsCount":0,"attachmentStep":false,"stepsCount":0,"hasContent":false},{"name":"_pytest_bdd_example","time":{"start":1763791271665,"stop":1763791271665,"duration":0},"status":"passed","steps":[],"attachments":[],"parameters":[],"shouldDisplayMessage":false,"attachmentsCount":0,"attachmentStep":false,"stepsCount":0,"hasContent":false},{"name":"delete_output_dir","time":{"start":1763791271665,"stop":1763791271665,"duration":0},"status":"passed","steps":[],"attachments":[],"parameters":[],"shouldDisplayMessage":false,"attachmentsCount":0,"attachmentStep":false,"stepsCount":0,"hasContent":false},{"name":"base_url","time":{"start":1763791271665,"stop":1763791271665,"duration":0},"status":"passed","steps":[],"attachments":[],"parameters":[],"shouldDisplayMessage":false,"attachmentsCount":0,"attachmentStep":false,"stepsCount":0,"hasContent":false},{"name":"_verify_url","time":{"start":1763791271665,"stop":1763791271665,"duration":0},"status":"passed","steps":[],"attachments":[],"parameters":[],"shouldDisplayMessage":false,"attachmentsCount":0,"attachmentStep":false,"stepsCount":0,"hasContent":false},{"name":"browser_instance","time":{"start":1763791271666,"stop":1763791272487,"duration":821},"status":"passed","steps":[],"attachments":[],"parameters":[],"shouldDisplayMessage":false,"attachmentsCount":0,"attachmentStep":false,"stepsCount":0,"hasContent":false},{"name":"page","time":{"start":1763791272487,"stop":1763791272801,"duration":314},"status":"passed","steps":[],"attachments":[],"parameters":[],"shouldDisplayMessage":false,"attachmentsCount":0,"attachmentStep":false,"stepsCount":0,"hasContent":false}],"testStage":{"description":"C:\\Users\\chinn\\OneDrive\\Desktop\\python_playwright_framework\\tests\\features\\login.feature: Login with valid credentials","status":"failed","statusMessage":"AssertionError: assert False\n +  where False = <method-wrapper '__contains__' of str object at 0x0000023660A0F270>('https://rahulshettyacademy.com/loginpage/')\n +    where <method-wrapper '__contains__' of str object at 0x0000023660A0F270> = 'https://rahulshettyacademy.com/loginpagePractise/'.__contains__\n +      where 'https://rahulshettyacademy.com/loginpagePractise/' = <Page url='https://rahulshettyacademy.com/loginpagePractise/'>.url","statusTrace":"fixturefunc = <function verify_home_page at 0x00000236606B3C10>, request = <FixtureRequest for <Function test_login_with_valid_credentials>>\nkwargs = {'page': <Page url='https://rahulshettyacademy.com/loginpagePractise/'>}\n\n    def call_fixture_func(\n        fixturefunc: _FixtureFunc[FixtureValue], request: FixtureRequest, kwargs\n    ) -> FixtureValue:\n        if inspect.isgeneratorfunction(fixturefunc):\n            fixturefunc = cast(Callable[..., Generator[FixtureValue]], fixturefunc)\n            generator = fixturefunc(**kwargs)\n            try:\n                fixture_result = next(generator)\n            except StopIteration:\n                raise ValueError(f\"{request.fixturename} did not yield a value\") from None\n            finalizer = functools.partial(_teardown_yield_fixture, fixturefunc, generator)\n            request.addfinalizer(finalizer)\n        else:\n            fixturefunc = cast(Callable[..., FixtureValue], fixturefunc)\n>           fixture_result = fixturefunc(**kwargs)\n                             ^^^^^^^^^^^^^^^^^^^^^\n\n..\\..\\..\\AppData\\Local\\Programs\\Python\\Python314\\Lib\\site-packages\\_pytest\\fixtures.py:930: \n_ _ _ _ _ _ _ _ _ _ _ _ _ _ _ _ _ _ _ _ _ _ _ _ _ _ _ _ _ _ _ _ _ _ _ _ _ _ _ _ _ _ _ _ _ _ _ _ _ _ _ _ _ _ _ _ _ _ _ _ _ _ _ _ _ _ _ _ _ _ _ _ _ _ _ _ _ _ _ _ _ _ _ _ _ _ _ _ _ _\n\npage = <Page url='https://rahulshettyacademy.com/loginpagePractise/'>\n\n    @then(\"I should see the home page\")\n    def verify_home_page(page):\n>       assert page.url.__contains__(\"https://rahulshettyacademy.com/loginpage/\")\nE       AssertionError: assert False\nE        +  where False = <method-wrapper '__contains__' of str object at 0x0000023660A0F270>('https://rahulshettyacademy.com/loginpage/')\nE        +    where <method-wrapper '__contains__' of str object at 0x0000023660A0F270> = 'https://rahulshettyacademy.com/loginpagePractise/'.__contains__\nE        +      where 'https://rahulshettyacademy.com/loginpagePractise/' = <Page url='https://rahulshettyacademy.com/loginpagePractise/'>.url\n\ntests\\ step_definitions\\test_login_steps.py:28: AssertionError","steps":[],"attachments":[{"uid":"a6e29616bc308d07","name":"Step - I am on the login page","source":"a6e29616bc308d07.png","type":"image/png","size":480880},{"uid":"a710d7da03520785","name":"Step - I enter username \"rahulshettyacademy\"","source":"a710d7da03520785.png","type":"image/png","size":477781},{"uid":"82914be656246574","name":"Step - I enter password \"learning\"","source":"82914be656246574.png","type":"image/png","size":474374},{"uid":"3126ab482cada783","name":"Step - I select the role as \"teach\"","source":"3126ab482cada783.png","type":"image/png","size":483608},{"uid":"d56b2b0c9858c08b","name":"Step - I check the I Agree checkbox","source":"d56b2b0c9858c08b.png","type":"image/png","size":479778},{"uid":"b2d6024b02eff8f7","name":"Step - I click login","source":"b2d6024b02eff8f7.png","type":"image/png","size":476579}],"parameters":[],"shouldDisplayMessage":true,"attachmentsCount":6,"attachmentStep":false,"stepsCount":0,"hasContent":true},"afterStages":[{"name":"page::0","time":{"start":1763791275698,"stop":1763791275759,"duration":61},"status":"passed","steps":[],"attachments":[],"parameters":[],"shouldDisplayMessage":false,"attachmentsCount":0,"attachmentStep":false,"stepsCount":0,"hasContent":false},{"name":"browser_instance::0","time":{"start":1763791275765,"stop":1763791276138,"duration":373},"status":"passed","steps":[],"attachments":[],"parameters":[],"shouldDisplayMessage":false,"attachmentsCount":0,"attachmentStep":false,"stepsCount":0,"hasContent":false}],"labels":[{"name":"parentSuite","value":"tests. step_definitions"},{"name":"suite","value":"test_login_steps"},{"name":"host","value":"Chinna"},{"name":"thread","value":"36128-MainThread"},{"name":"framework","value":"pytest"},{"name":"language","value":"cpython3"},{"name":"package","value":"tests. step_definitions.test_login_steps"},{"name":"resultFormat","value":"allure2"}],"parameters":[],"links":[],"hidden":true,"retry":true,"extra":{"categories":[],"tags":[]},"source":"fc088208c3fe61b0.json","parameterValues":[]}