{"name": "test_login_with_valid_credentials", "status": "failed", "statusDetails": {"message": "AssertionError: assert False\n +  where False = <method-wrapper '__contains__' of str object at 0x0000023660A0F270>('https://rahulshettyacademy.com/loginpage/')\n +    where <method-wrapper '__contains__' of str object at 0x0000023660A0F270> = 'https://rahulshettyacademy.com/loginpagePractise/'.__contains__\n +      where 'https://rahulshettyacademy.com/loginpagePractise/' = <Page url='https://rahulshettyacademy.com/loginpagePractise/'>.url", "trace": "fixturefunc = <function verify_home_page at 0x00000236606B3C10>, request = <FixtureRequest for <Function test_login_with_valid_credentials>>\nkwargs = {'page': <Page url='https://rahulshettyacademy.com/loginpagePractise/'>}\n\n    def call_fixture_func(\n        fixturefunc: _FixtureFunc[FixtureValue], request: FixtureRequest, kwargs\n    ) -> FixtureValue:\n        if inspect.isgeneratorfunction(fixturefunc):\n            fixturefunc = cast(Callable[..., Generator[FixtureValue]], fixturefunc)\n            generator = fixturefunc(**kwargs)\n            try:\n                fixture_result = next(generator)\n            except StopIteration:\n                raise ValueError(f\"{request.fixturename} did not yield a value\") from None\n            finalizer = functools.partial(_teardown_yield_fixture, fixturefunc, generator)\n            request.addfinalizer(finalizer)\n        else:\n            fixturefunc = cast(Callable[..., FixtureValue], fixturefunc)\n>           fixture_result = fixturefunc(**kwargs)\n                             ^^^^^^^^^^^^^^^^^^^^^\n\n..\\..\\..\\AppData\\Local\\Programs\\Python\\Python314\\Lib\\site-packages\\_pytest\\fixtures.py:930: \n_ _ _ _ _ _ _ _ _ _ _ _ _ _ _ _ _ _ _ _ _ _ _ _ _ _ _ _ _ _ _ _ _ _ _ _ _ _ _ _ _ _ _ _ _ _ _ _ _ _ _ _ _ _ _ _ _ _ _ _ _ _ _ _ _ _ _ _ _ _ _ _ _ _ _ _ _ _ _ _ _ _ _ _ _ _ _ _ _ _\n\npage = <Page url='https://rahulshettyacademy.com/loginpagePractise/'>\n\n    @then(\"I should see the home page\")\n    def verify_home_page(page):\n>       assert page.url.__contains__(\"https://rahulshettyacademy.com/loginpage/\")\nE       AssertionError: assert False\nE        +  where False = <method-wrapper '__contains__' of str object at 0x0000023660A0F270>('https://rahulshettyacademy.com/loginpage/')\nE        +    where <method-wrapper '__contains__' of str object at 0x0000023660A0F270> = 'https://rahulshettyacademy.com/loginpagePractise/'.__contains__\nE        +      where 'https://rahulshettyacademy.com/loginpagePractise/' = <Page url='https://rahulshettyacademy.com/loginpagePractise/'>.url\n\ntests\\ step_definitions\\test_login_steps.py:28: AssertionError"}, "description": "C:\\Users\\chinn\\OneDrive\\Desktop\\python_playwright_framework\\tests\\features\\login.feature: Login with valid credentials", "attachments": [{"name": "Step - I am on the login page", "source": "fd26a46e-8c43-4a59-b27e-e7f591a3a888-attachment.png", "type": "image/png"}, {"name": "Step - I enter username \"rahulshettyacademy\"", "source": "a1b0c18b-d9b2-4565-a6ed-be8a4698be2c-attachment.png", "type": "image/png"}, {"name": "Step - I enter password \"learning\"", "source": "cb65a4a2-fab4-4c6b-8e83-ab6f923618b0-attachment.png", "type": "image/png"}, {"name": "Step - I select the role as \"teach\"", "source": "4c3e770d-04e9-4913-9be0-8f6c1da2a91f-attachment.png", "type": "image/png"}, {"name": "Step - I check the I Agree checkbox", "source": "50a7f768-0141-4ea2-af45-e97e9c992de0-attachment.png", "type": "image/png"}, {"name": "Step - I click login", "source": "5f9b0f47-1676-4008-85aa-c19fa2e7ce89-attachment.png", "type": "image/png"}], "start": 1763791271666, "stop": 1763791275606, "uuid": "f64f658a-27ce-42bc-b702-c9b27c4fb5f3", "historyId": "6b0145907ebdacc00cec914513d4e72d", "testCaseId": "6b0145907ebdacc00cec914513d4e72d", "fullName": "tests. step_definitions.test_login_steps#test_login_with_valid_credentials", "labels": [{"name": "parentSuite", "value": "tests. step_definitions"}, {"name": "suite", "value": "test_login_steps"}, {"name": "host", "value": "Chinna"}, {"name": "thread", "value": "36128-MainThread"}, {"name": "framework", "value": "pytest"}, {"name": "language", "value": "cpython3"}, {"name": "package", "value": "tests. step_definitions.test_login_steps"}], "titlePath": ["tests", " step_definitions", "test_login_steps.py"]}